<?xml version="1.0" encoding="UTF-8"?>
<!-- Generated by org.testng.reporters.JUnitReportReporter -->
<testsuite skipped="0" hostname="gaurav-Inspiron-3521" name="com.flipkart.tests.SearchProductTest" tests="1" failures="0" timestamp="23 Apr 2020 15:58:57 GMT" time="23.011" errors="0">
  <testcase name="clickOnProductTest" time="23.011" classname="com.flipkart.tests.SearchProductTest"/>
</testsuite> <!-- com.flipkart.tests.SearchProductTest -->
