<?xml version="1.0" encoding="UTF-8"?>
<!-- Generated by org.testng.reporters.JUnitReportReporter -->
<testsuite skipped="0" hostname="gaurav-Inspiron-3521" name="com.flipkart.tests.AddtocartPageTest" tests="1" failures="0" timestamp="23 Apr 2020 15:58:57 GMT" time="37.617" errors="0">
  <testcase name="addToCartTest" time="37.617" classname="com.flipkart.tests.AddtocartPageTest"/>
</testsuite> <!-- com.flipkart.tests.AddtocartPageTest -->
