<?xml version="1.0" encoding="UTF-8"?>
<!-- Generated by org.testng.reporters.JUnitReportReporter -->
<testsuite skipped="0" hostname="gaurav-Inspiron-3521" name="com.flipkart.tests.homePageTest" tests="3" failures="0" timestamp="23 Apr 2020 15:58:57 GMT" time="88.231" errors="0">
  <testcase name="homePageTitleTest" time="19.932" classname="com.flipkart.tests.homePageTest"/>
  <testcase name="searchProductTest" time="34.446" classname="com.flipkart.tests.homePageTest"/>
  <testcase name="logoutTest" time="33.853" classname="com.flipkart.tests.homePageTest"/>
</testsuite> <!-- com.flipkart.tests.homePageTest -->
