<?xml version="1.0" encoding="UTF-8"?>
<!-- Generated by org.testng.reporters.JUnitReportReporter -->
<testsuite skipped="0" hostname="gaurav-Inspiron-3521" name="com.flipkart.tests.SearchProductTest" tests="1" failures="0" timestamp="27 Apr 2020 18:08:01 GMT" time="14.202" errors="0">
  <testcase name="clickOnProductTest" time="14.202" classname="com.flipkart.tests.SearchProductTest"/>
</testsuite> <!-- com.flipkart.tests.SearchProductTest -->
