<?xml version="1.0" encoding="UTF-8"?>
<!-- Generated by org.testng.reporters.JUnitReportReporter -->
<testsuite skipped="0" hostname="gaurav-Inspiron-3521" name="com.flipkart.tests.ViewCartPageTest" tests="1" failures="0" timestamp="27 Apr 2020 18:08:01 GMT" time="20.057" errors="0">
  <testcase name="removeProductTest" time="20.057" classname="com.flipkart.tests.ViewCartPageTest"/>
</testsuite> <!-- com.flipkart.tests.ViewCartPageTest -->
